#0 building with "desktop-linux" instance using docker driver

#1 [internal] load build definition from Dockerfile
#1 transferring dockerfile: 488B done
#1 DONE 0.0s

#2 [internal] load metadata for docker.io/library/python:3.10-slim
#2 DONE 1.2s

#3 [internal] load .dockerignore
#3 transferring context: 150B done
#3 DONE 0.0s

#4 [internal] load build context
#4 transferring context: 1.89kB 0.0s done
#4 DONE 0.0s

#5 [1/5] FROM docker.io/library/python:3.10-slim@sha256:e508a34e5491225a76fbb9e0f43ebde1f691c6a689d096d7510cf7fb17d4ba6f
#5 resolve docker.io/library/python:3.10-slim@sha256:e508a34e5491225a76fbb9e0f43ebde1f691c6a689d096d7510cf7fb17d4ba6f 0.0s done
#5 DONE 0.0s

#6 [2/5] WORKDIR /app
#6 CACHED

#7 [3/5] COPY requirements.txt .
#7 CACHED

#8 [4/5] RUN pip install --no-cache-dir -r requirements.txt
#8 1.922 Collecting pandas
#8 2.136   Downloading pandas-2.3.3-cp310-cp310-manylinux_2_24_x86_64.manylinux_2_28_x86_64.whl (12.8 MB)
#8 3.065      ΓöüΓöüΓöüΓöüΓöüΓöüΓöüΓöüΓöüΓöüΓöüΓöüΓöüΓöüΓöüΓöüΓöüΓöüΓöüΓöüΓöüΓöüΓöüΓöüΓöüΓöüΓöüΓöüΓöüΓöüΓöüΓöüΓöüΓöüΓöüΓöüΓöüΓöüΓöüΓöü 12.8/12.8 MB 16.9 MB/s eta 0:00:00
#8 3.587 Collecting numpy
#8 3.658   Downloading numpy-2.2.6-cp310-cp310-manylinux_2_17_x86_64.manylinux2014_x86_64.whl (16.8 MB)
#8 4.376      ΓöüΓöüΓöüΓöüΓöüΓöüΓöüΓöüΓöüΓöüΓöüΓöüΓöüΓöüΓöüΓöüΓöüΓöüΓöüΓöüΓöüΓöüΓöüΓöüΓöüΓöüΓöüΓöüΓöüΓöüΓöüΓöüΓöüΓöüΓöüΓöüΓöüΓöüΓöüΓöü 16.8/16.8 MB 24.1 MB/s eta 0:00:00
#8 4.785 Collecting scikit-learn
#8 4.862   Downloading scikit_learn-1.7.2-cp310-cp310-manylinux2014_x86_64.manylinux_2_17_x86_64.whl (9.7 MB)
#8 5.336      ΓöüΓöüΓöüΓöüΓöüΓöüΓöüΓöüΓöüΓöüΓöüΓöüΓöüΓöüΓöüΓöüΓöüΓöüΓöüΓöüΓöüΓöüΓöüΓöüΓöüΓöüΓöüΓöüΓöüΓöüΓöüΓöüΓöüΓöüΓöüΓöüΓöüΓöüΓöüΓöü 9.7/9.7 MB 22.0 MB/s eta 0:00:00
#8 5.710 Collecting matplotlib
#8 5.782   Downloading matplotlib-3.10.8-cp310-cp310-manylinux2014_x86_64.manylinux_2_17_x86_64.whl (8.7 MB)
#8 6.105      ΓöüΓöüΓöüΓöüΓöüΓöüΓöüΓöüΓöüΓöüΓöüΓöüΓöüΓöüΓöüΓöüΓöüΓöüΓöüΓöüΓöüΓöüΓöüΓöüΓöüΓöüΓöüΓöüΓöüΓöüΓöüΓöüΓöüΓöüΓöüΓöüΓöüΓöüΓöüΓöü 8.7/8.7 MB 27.2 MB/s eta 0:00:00
#8 6.210 Collecting networkx
#8 6.256   Downloading networkx-3.4.2-py3-none-any.whl (1.7 MB)
#8 6.337      ΓöüΓöüΓöüΓöüΓöüΓöüΓöüΓöüΓöüΓöüΓöüΓöüΓöüΓöüΓöüΓöüΓöüΓöüΓöüΓöüΓöüΓöüΓöüΓöüΓöüΓöüΓöüΓöüΓöüΓöüΓöüΓöüΓöüΓöüΓöüΓöüΓöüΓöüΓöüΓöü 1.7/1.7 MB 22.2 MB/s eta 0:00:00
#8 6.568 Collecting Faker
#8 6.623   Downloading faker-40.5.1-py3-none-any.whl (2.0 MB)
#8 6.833      ΓöüΓöüΓöüΓöüΓöüΓöüΓöüΓöüΓöüΓöüΓöüΓöüΓöüΓöüΓöüΓöüΓöüΓöüΓöüΓöüΓöüΓöüΓöüΓöüΓöüΓöüΓöüΓöüΓöüΓöüΓöüΓöüΓöüΓöüΓöüΓöüΓöüΓöüΓöüΓöü 2.0/2.0 MB 9.5 MB/s eta 0:00:00
#8 6.913 Collecting python-dateutil
#8 6.963   Downloading python_dateutil-2.9.0.post0-py2.py3-none-any.whl (229 kB)
#8 6.980      ΓöüΓöüΓöüΓöüΓöüΓöüΓöüΓöüΓöüΓöüΓöüΓöüΓöüΓöüΓöüΓöüΓöüΓöüΓöüΓöüΓöüΓöüΓöüΓöüΓöüΓöüΓöüΓöüΓöüΓöüΓöüΓöüΓöüΓöüΓöüΓöüΓöüΓöü 229.9/229.9 kB 15.4 MB/s eta 0:00:00
#8 7.129 Collecting fastapi
#8 7.178   Downloading fastapi-0.133.0-py3-none-any.whl (104 kB)
#8 7.182      ΓöüΓöüΓöüΓöüΓöüΓöüΓöüΓöüΓöüΓöüΓöüΓöüΓöüΓöüΓöüΓöüΓöüΓöüΓöüΓöüΓöüΓöüΓöüΓöüΓöüΓöüΓöüΓöüΓöüΓöüΓöüΓöüΓöüΓöüΓöüΓöüΓöü 104.8/104.8 kB 149.9 MB/s eta 0:00:00
#8 7.267 Collecting uvicorn
#8 7.323   Downloading uvicorn-0.41.0-py3-none-any.whl (68 kB)
#8 7.329      ΓöüΓöüΓöüΓöüΓöüΓöüΓöüΓöüΓöüΓöüΓöüΓöüΓöüΓöüΓöüΓöüΓöüΓöüΓöüΓöüΓöüΓöüΓöüΓöüΓöüΓöüΓöüΓöüΓöüΓöüΓöüΓöüΓöüΓöüΓöüΓöüΓöüΓöüΓöüΓöü 68.8/68.8 kB 15.2 MB/s eta 0:00:00
#8 7.388 Collecting python-multipart
#8 7.451   Downloading python_multipart-0.0.22-py3-none-any.whl (24 kB)
#8 7.530 Collecting markdown
#8 7.584   Downloading markdown-3.10.2-py3-none-any.whl (108 kB)
#8 7.588      ΓöüΓöüΓöüΓöüΓöüΓöüΓöüΓöüΓöüΓöüΓöüΓöüΓöüΓöüΓöüΓöüΓöüΓöüΓöüΓöüΓöüΓöüΓöüΓöüΓöüΓöüΓöüΓöüΓöüΓöüΓöüΓöüΓöüΓöüΓöüΓöüΓöü 108.2/108.2 kB 117.2 MB/s eta 0:00:00
#8 7.648 Collecting xhtml2pdf
#8 7.694   Downloading xhtml2pdf-0.2.17-py3-none-any.whl (125 kB)
#8 7.697      ΓöüΓöüΓöüΓöüΓöüΓöüΓöüΓöüΓöüΓöüΓöüΓöüΓöüΓöüΓöüΓöüΓöüΓöüΓöüΓöüΓöüΓöüΓöüΓöüΓöüΓöüΓöüΓöüΓöüΓöüΓöüΓöüΓöüΓöüΓöüΓöüΓöü 125.3/125.3 kB 186.7 MB/s eta 0:00:00
#8 7.762 Collecting aiofiles
#8 7.823   Downloading aiofiles-25.1.0-py3-none-any.whl (14 kB)
#8 7.993 Collecting tzdata>=2022.7
#8 8.047   Downloading tzdata-2025.3-py2.py3-none-any.whl (348 kB)
#8 8.068      ΓöüΓöüΓöüΓöüΓöüΓöüΓöüΓöüΓöüΓöüΓöüΓöüΓöüΓöüΓöüΓöüΓöüΓöüΓöüΓöüΓöüΓöüΓöüΓöüΓöüΓöüΓöüΓöüΓöüΓöüΓöüΓöüΓöüΓöüΓöüΓöüΓöüΓöü 348.5/348.5 kB 18.8 MB/s eta 0:00:00
#8 8.207 Collecting pytz>=2020.1
#8 8.265   Downloading pytz-2025.2-py2.py3-none-any.whl (509 kB)
#8 8.303      ΓöüΓöüΓöüΓöüΓöüΓöüΓöüΓöüΓöüΓöüΓöüΓöüΓöüΓöüΓöüΓöüΓöüΓöüΓöüΓöüΓöüΓöüΓöüΓöüΓöüΓöüΓöüΓöüΓöüΓöüΓöüΓöüΓöüΓöüΓöüΓöüΓöüΓöü 509.2/509.2 kB 14.5 MB/s eta 0:00:00
#8 8.452 Collecting joblib>=1.2.0
#8 8.510   Downloading joblib-1.5.3-py3-none-any.whl (309 kB)
#8 8.685      ΓöüΓöüΓöüΓöüΓöüΓöüΓöüΓöüΓöüΓöüΓöüΓöüΓöüΓöüΓöüΓöüΓöüΓöüΓöüΓöüΓöüΓöüΓöüΓöüΓöüΓöüΓöüΓöüΓöüΓöüΓöüΓöüΓöüΓöüΓöüΓöüΓöüΓöüΓöü 309.1/309.1 kB 1.8 MB/s eta 0:00:00
#8 8.747 Collecting threadpoolctl>=3.1.0
#8 8.805   Downloading threadpoolctl-3.6.0-py3-none-any.whl (18 kB)
#8 9.245 Collecting scipy>=1.8.0
#8 9.316   Downloading scipy-1.15.3-cp310-cp310-manylinux_2_17_x86_64.manylinux2014_x86_64.whl (37.7 MB)
#8 16.69      ΓöüΓöüΓöüΓöüΓöüΓöüΓöüΓöüΓöüΓöüΓöüΓöüΓöüΓöüΓöüΓöüΓöüΓöüΓöüΓöüΓöüΓöüΓöüΓöüΓöüΓöüΓöüΓöüΓöüΓöüΓöüΓöüΓöüΓöüΓöüΓöüΓöüΓöüΓöüΓöü 37.7/37.7 MB 3.6 MB/s eta 0:00:00
#8 17.19 Collecting fonttools>=4.22.0
#8 17.24   Downloading fonttools-4.61.1-cp310-cp310-manylinux2014_x86_64.manylinux_2_17_x86_64.whl (4.9 MB)
#8 17.77      ΓöüΓöüΓöüΓöüΓöüΓöüΓöüΓöüΓöüΓöüΓöüΓöüΓöüΓöüΓöüΓöüΓöüΓöüΓöüΓöüΓöüΓöüΓöüΓöüΓöüΓöüΓöüΓöüΓöüΓöüΓöüΓöüΓöüΓöüΓöüΓöüΓöüΓöüΓöüΓöü 4.9/4.9 MB 9.2 MB/s eta 0:00:00
#8 17.85 Collecting cycler>=0.10
#8 17.91   Downloading cycler-0.12.1-py3-none-any.whl (8.3 kB)
#8 18.14 Collecting contourpy>=1.0.1
#8 18.20   Downloading contourpy-1.3.2-cp310-cp310-manylinux_2_17_x86_64.manylinux2014_x86_64.whl (325 kB)
#8 18.22      ΓöüΓöüΓöüΓöüΓöüΓöüΓöüΓöüΓöüΓöüΓöüΓöüΓöüΓöüΓöüΓöüΓöüΓöüΓöüΓöüΓöüΓöüΓöüΓöüΓöüΓöüΓöüΓöüΓöüΓöüΓöüΓöüΓöüΓöüΓöüΓöüΓöüΓöü 325.0/325.0 kB 17.1 MB/s eta 0:00:00
#8 18.31 Collecting packaging>=20.0
#8 18.36   Downloading packaging-26.0-py3-none-any.whl (74 kB)
#8 18.36      ΓöüΓöüΓöüΓöüΓöüΓöüΓöüΓöüΓöüΓöüΓöüΓöüΓöüΓöüΓöüΓöüΓöüΓöüΓöüΓöüΓöüΓöüΓöüΓöüΓöüΓöüΓöüΓöüΓöüΓöüΓöüΓöüΓöüΓöüΓöüΓöüΓöüΓöüΓöüΓöü 74.4/74.4 kB 65.0 MB/s eta 0:00:00
#8 18.58 Collecting kiwisolver>=1.3.1
#8 18.66   Downloading kiwisolver-1.4.9-cp310-cp310-manylinux_2_12_x86_64.manylinux2010_x86_64.whl (1.6 MB)
#8 18.75      ΓöüΓöüΓöüΓöüΓöüΓöüΓöüΓöüΓöüΓöüΓöüΓöüΓöüΓöüΓöüΓöüΓöüΓöüΓöüΓöüΓöüΓöüΓöüΓöüΓöüΓöüΓöüΓöüΓöüΓöüΓöüΓöüΓöüΓöüΓöüΓöüΓöüΓöüΓöüΓöü 1.6/1.6 MB 18.1 MB/s eta 0:00:00
#8 19.24 Collecting pillow>=8
#8 19.44   Downloading pillow-12.1.1-cp310-cp310-manylinux_2_27_x86_64.manylinux_2_28_x86_64.whl (7.0 MB)
#8 20.15      ΓöüΓöüΓöüΓöüΓöüΓöüΓöüΓöüΓöüΓöüΓöüΓöüΓöüΓöüΓöüΓöüΓöüΓöüΓöüΓöüΓöüΓöüΓöüΓöüΓöüΓöüΓöüΓöüΓöüΓöüΓöüΓöüΓöüΓöüΓöüΓöüΓöüΓöüΓöüΓöü 7.0/7.0 MB 10.0 MB/s eta 0:00:00
#8 20.29 Collecting pyparsing>=3
#8 20.35   Downloading pyparsing-3.3.2-py3-none-any.whl (122 kB)
#8 20.36      ΓöüΓöüΓöüΓöüΓöüΓöüΓöüΓöüΓöüΓöüΓöüΓöüΓöüΓöüΓöüΓöüΓöüΓöüΓöüΓöüΓöüΓöüΓöüΓöüΓöüΓöüΓöüΓöüΓöüΓöüΓöüΓöüΓöüΓöüΓöüΓöüΓöüΓöü 122.8/122.8 kB 15.3 MB/s eta 0:00:00
#8 20.45 Collecting six>=1.5
#8 20.50   Downloading six-1.17.0-py2.py3-none-any.whl (11 kB)
#8 20.66 Collecting starlette>=0.40.0
#8 20.72   Downloading starlette-0.52.1-py3-none-any.whl (74 kB)
#8 20.73      ΓöüΓöüΓöüΓöüΓöüΓöüΓöüΓöüΓöüΓöüΓöüΓöüΓöüΓöüΓöüΓöüΓöüΓöüΓöüΓöüΓöüΓöüΓöüΓöüΓöüΓöüΓöüΓöüΓöüΓöüΓöüΓöüΓöüΓöüΓöüΓöüΓöüΓöüΓöüΓöü 74.3/74.3 kB 16.3 MB/s eta 0:00:00
#8 20.78 Collecting annotated-doc>=0.0.2
#8 20.83   Downloading annotated_doc-0.0.4-py3-none-any.whl (5.3 kB)
#8 20.90 Collecting typing-inspection>=0.4.2
#8 20.95   Downloading typing_inspection-0.4.2-py3-none-any.whl (14 kB)
#8 21.03 Collecting typing-extensions>=4.8.0
#8 21.07   Downloading typing_extensions-4.15.0-py3-none-any.whl (44 kB)
#8 21.08      ΓöüΓöüΓöüΓöüΓöüΓöüΓöüΓöüΓöüΓöüΓöüΓöüΓöüΓöüΓöüΓöüΓöüΓöüΓöüΓöüΓöüΓöüΓöüΓöüΓöüΓöüΓöüΓöüΓöüΓöüΓöüΓöüΓöüΓöüΓöüΓöüΓöüΓöüΓöü 44.6/44.6 kB 205.4 MB/s eta 0:00:00
#8 21.37 Collecting pydantic>=2.7.0
#8 21.44   Downloading pydantic-2.12.5-py3-none-any.whl (463 kB)
#8 21.47      ΓöüΓöüΓöüΓöüΓöüΓöüΓöüΓöüΓöüΓöüΓöüΓöüΓöüΓöüΓöüΓöüΓöüΓöüΓöüΓöüΓöüΓöüΓöüΓöüΓöüΓöüΓöüΓöüΓöüΓöüΓöüΓöüΓöüΓöüΓöüΓöüΓöüΓöü 463.6/463.6 kB 20.1 MB/s eta 0:00:00
#8 21.56 Collecting click>=7.0
#8 21.61   Downloading click-8.3.1-py3-none-any.whl (108 kB)
#8 21.62      ΓöüΓöüΓöüΓöüΓöüΓöüΓöüΓöüΓöüΓöüΓöüΓöüΓöüΓöüΓöüΓöüΓöüΓöüΓöüΓöüΓöüΓöüΓöüΓöüΓöüΓöüΓöüΓöüΓöüΓöüΓöüΓöüΓöüΓöüΓöüΓöüΓöüΓöü 108.3/108.3 kB 29.9 MB/s eta 0:00:00
#8 21.68 Collecting h11>=0.8
#8 21.73   Downloading h11-0.16.0-py3-none-any.whl (37 kB)
#8 21.81 Collecting html5lib>=1.1
#8 21.86   Downloading html5lib-1.1-py2.py3-none-any.whl (112 kB)
#8 21.86      ΓöüΓöüΓöüΓöüΓöüΓöüΓöüΓöüΓöüΓöüΓöüΓöüΓöüΓöüΓöüΓöüΓöüΓöüΓöüΓöüΓöüΓöüΓöüΓöüΓöüΓöüΓöüΓöüΓöüΓöüΓöüΓöüΓöüΓöüΓöüΓöüΓöüΓöü 112.2/112.2 kB 43.6 MB/s eta 0:00:00
#8 21.93 Collecting arabic-reshaper>=3.0.0
#8 21.99   Downloading arabic_reshaper-3.0.0-py3-none-any.whl (20 kB)
#8 22.06 Collecting pyhanko-certvalidator>=0.19.5
#8 22.10   Downloading pyhanko_certvalidator-0.29.1-py3-none-any.whl (111 kB)
#8 22.12      ΓöüΓöüΓöüΓöüΓöüΓöüΓöüΓöüΓöüΓöüΓöüΓöüΓöüΓöüΓöüΓöüΓöüΓöüΓöüΓöüΓöüΓöüΓöüΓöüΓöüΓöüΓöüΓöüΓöüΓöüΓöüΓöüΓöüΓöüΓöüΓöüΓöüΓöü 111.8/111.8 kB 50.3 MB/s eta 0:00:00
#8 22.40 Collecting reportlab<5,>=4.0.4
#8 22.47   Downloading reportlab-4.4.10-py3-none-any.whl (2.0 MB)
#8 22.58      ΓöüΓöüΓöüΓöüΓöüΓöüΓöüΓöüΓöüΓöüΓöüΓöüΓöüΓöüΓöüΓöüΓöüΓöüΓöüΓöüΓöüΓöüΓöüΓöüΓöüΓöüΓöüΓöüΓöüΓöüΓöüΓöüΓöüΓöüΓöüΓöüΓöüΓöüΓöüΓöü 2.0/2.0 MB 18.2 MB/s eta 0:00:00
#8 22.87 Collecting svglib>=1.2.1
#8 22.94   Downloading svglib-1.6.0-py3-none-any.whl (39 kB)
#8 23.12 Collecting python-bidi>=0.5.0
#8 23.17   Downloading python_bidi-0.6.7-cp310-cp310-manylinux_2_17_x86_64.manylinux2014_x86_64.whl (302 kB)
#8 23.19      ΓöüΓöüΓöüΓöüΓöüΓöüΓöüΓöüΓöüΓöüΓöüΓöüΓöüΓöüΓöüΓöüΓöüΓöüΓöüΓöüΓöüΓöüΓöüΓöüΓöüΓöüΓöüΓöüΓöüΓöüΓöüΓöüΓöüΓöüΓöüΓöüΓöüΓöü 302.0/302.0 kB 20.0 MB/s eta 0:00:00
#8 23.26 Collecting pypdf>=3.1.0
#8 23.32   Downloading pypdf-6.7.2-py3-none-any.whl (331 kB)
#8 23.34      ΓöüΓöüΓöüΓöüΓöüΓöüΓöüΓöüΓöüΓöüΓöüΓöüΓöüΓöüΓöüΓöüΓöüΓöüΓöüΓöüΓöüΓöüΓöüΓöüΓöüΓöüΓöüΓöüΓöüΓöüΓöüΓöüΓöüΓöüΓöüΓöüΓöüΓöü 331.2/331.2 kB 18.4 MB/s eta 0:00:00
#8 23.40 Collecting pyHanko>=0.12.1
#8 23.45   Downloading pyhanko-0.33.0-py3-none-any.whl (471 kB)
#8 23.48      ΓöüΓöüΓöüΓöüΓöüΓöüΓöüΓöüΓöüΓöüΓöüΓöüΓöüΓöüΓöüΓöüΓöüΓöüΓöüΓöüΓöüΓöüΓöüΓöüΓöüΓöüΓöüΓöüΓöüΓöüΓöüΓöüΓöüΓöüΓöüΓöüΓöüΓöü 471.7/471.7 kB 20.6 MB/s eta 0:00:00
#8 23.60 Collecting webencodings
#8 23.66   Downloading webencodings-0.5.1-py2.py3-none-any.whl (11 kB)
#8 23.75 Collecting annotated-types>=0.6.0
#8 23.79   Downloading annotated_types-0.7.0-py3-none-any.whl (13 kB)
#8 25.52 Collecting pydantic-core==2.41.5
#8 25.57   Downloading pydantic_core-2.41.5-cp310-cp310-manylinux_2_17_x86_64.manylinux2014_x86_64.whl (2.1 MB)
#8 25.72      ΓöüΓöüΓöüΓöüΓöüΓöüΓöüΓöüΓöüΓöüΓöüΓöüΓöüΓöüΓöüΓöüΓöüΓöüΓöüΓöüΓöüΓöüΓöüΓöüΓöüΓöüΓöüΓöüΓöüΓöüΓöüΓöüΓöüΓöüΓöüΓöüΓöüΓöüΓöüΓöü 2.1/2.1 MB 14.6 MB/s eta 0:00:00
#8 25.81 Collecting tzlocal>=4.3
#8 25.86   Downloading tzlocal-5.3.1-py3-none-any.whl (18 kB)
#8 25.92 Collecting asn1crypto>=1.5.1
#8 25.98   Downloading asn1crypto-1.5.1-py2.py3-none-any.whl (105 kB)
#8 26.03      ΓöüΓöüΓöüΓöüΓöüΓöüΓöüΓöüΓöüΓöüΓöüΓöüΓöüΓöüΓöüΓöüΓöüΓöüΓöüΓöüΓöüΓöüΓöüΓöüΓöüΓöüΓöüΓöüΓöüΓöüΓöüΓöüΓöüΓöüΓöüΓöüΓöüΓöüΓöü 105.0/105.0 kB 2.0 MB/s eta 0:00:00
#8 26.12 Collecting requests>=2.31.0
#8 26.18   Downloading requests-2.32.5-py3-none-any.whl (64 kB)
#8 26.19      ΓöüΓöüΓöüΓöüΓöüΓöüΓöüΓöüΓöüΓöüΓöüΓöüΓöüΓöüΓöüΓöüΓöüΓöüΓöüΓöüΓöüΓöüΓöüΓöüΓöüΓöüΓöüΓöüΓöüΓöüΓöüΓöüΓöüΓöüΓöüΓöüΓöüΓöüΓöüΓöü 64.7/64.7 kB 8.2 MB/s eta 0:00:00
#8 26.71 Collecting cryptography>=43.0.3
#8 26.76   Downloading cryptography-46.0.5-cp38-abi3-manylinux_2_34_x86_64.whl (4.5 MB)
#8 26.96      ΓöüΓöüΓöüΓöüΓöüΓöüΓöüΓöüΓöüΓöüΓöüΓöüΓöüΓöüΓöüΓöüΓöüΓöüΓöüΓöüΓöüΓöüΓöüΓöüΓöüΓöüΓöüΓöüΓöüΓöüΓöüΓöüΓöüΓöüΓöüΓöüΓöüΓöüΓöüΓöü 4.5/4.5 MB 22.9 MB/s eta 0:00:00
#8 27.14 Collecting pyyaml>=6.0
#8 27.19   Downloading pyyaml-6.0.3-cp310-cp310-manylinux2014_x86_64.manylinux_2_17_x86_64.manylinux_2_28_x86_64.whl (770 kB)
#8 27.24      ΓöüΓöüΓöüΓöüΓöüΓöüΓöüΓöüΓöüΓöüΓöüΓöüΓöüΓöüΓöüΓöüΓöüΓöüΓöüΓöüΓöüΓöüΓöüΓöüΓöüΓöüΓöüΓöüΓöüΓöüΓöüΓöüΓöüΓöüΓöüΓöüΓöüΓöü 770.3/770.3 kB 19.6 MB/s eta 0:00:00
#8 27.70 Collecting lxml>=5.4.0
#8 27.77   Downloading lxml-6.0.2-cp310-cp310-manylinux_2_26_x86_64.manylinux_2_28_x86_64.whl (5.3 MB)
#8 28.06      ΓöüΓöüΓöüΓöüΓöüΓöüΓöüΓöüΓöüΓöüΓöüΓöüΓöüΓöüΓöüΓöüΓöüΓöüΓöüΓöüΓöüΓöüΓöüΓöüΓöüΓöüΓöüΓöüΓöüΓöüΓöüΓöüΓöüΓöüΓöüΓöüΓöüΓöüΓöüΓöü 5.3/5.3 MB 18.5 MB/s eta 0:00:00
#8 28.14 Collecting uritools>=3.0.1
#8 28.18   Downloading uritools-6.0.1-py3-none-any.whl (10 kB)
#8 28.26 Collecting oscrypto>=1.1.0
#8 28.31   Downloading oscrypto-1.3.0-py2.py3-none-any.whl (194 kB)
#8 28.33      ΓöüΓöüΓöüΓöüΓöüΓöüΓöüΓöüΓöüΓöüΓöüΓöüΓöüΓöüΓöüΓöüΓöüΓöüΓöüΓöüΓöüΓöüΓöüΓöüΓöüΓöüΓöüΓöüΓöüΓöüΓöüΓöüΓöüΓöüΓöüΓöüΓöüΓöü 194.6/194.6 kB 10.4 MB/s eta 0:00:00
#8 28.63 Collecting charset-normalizer
#8 28.69   Downloading charset_normalizer-3.4.4-cp310-cp310-manylinux2014_x86_64.manylinux_2_17_x86_64.manylinux_2_28_x86_64.whl (153 kB)
#8 28.70      ΓöüΓöüΓöüΓöüΓöüΓöüΓöüΓöüΓöüΓöüΓöüΓöüΓöüΓöüΓöüΓöüΓöüΓöüΓöüΓöüΓöüΓöüΓöüΓöüΓöüΓöüΓöüΓöüΓöüΓöüΓöüΓöüΓöüΓöüΓöüΓöüΓöüΓöü 153.6/153.6 kB 18.5 MB/s eta 0:00:00
#8 28.82 Collecting anyio<5,>=3.6.2
#8 28.87   Downloading anyio-4.12.1-py3-none-any.whl (113 kB)
#8 28.87      ΓöüΓöüΓöüΓöüΓöüΓöüΓöüΓöüΓöüΓöüΓöüΓöüΓöüΓöüΓöüΓöüΓöüΓöüΓöüΓöüΓöüΓöüΓöüΓöüΓöüΓöüΓöüΓöüΓöüΓöüΓöüΓöüΓöüΓöüΓöüΓöüΓöüΓöü 113.6/113.6 kB 34.4 MB/s eta 0:00:00
#8 28.95 Collecting rlpycairo>=0.4.0
#8 29.00   Downloading rlpycairo-0.4.0-py3-none-any.whl (7.6 kB)
#8 29.07 Collecting tinycss2>=0.6.0
#8 29.13   Downloading tinycss2-1.5.1-py3-none-any.whl (28 kB)
#8 29.21 Collecting cssselect2>=0.2.0
#8 29.25   Downloading cssselect2-0.9.0-py3-none-any.whl (15 kB)
#8 29.42 Collecting exceptiongroup>=1.0.2
#8 29.46   Downloading exceptiongroup-1.3.1-py3-none-any.whl (16 kB)
#8 29.54 Collecting idna>=2.8
#8 29.59   Downloading idna-3.11-py3-none-any.whl (71 kB)
#8 29.59      ΓöüΓöüΓöüΓöüΓöüΓöüΓöüΓöüΓöüΓöüΓöüΓöüΓöüΓöüΓöüΓöüΓöüΓöüΓöüΓöüΓöüΓöüΓöüΓöüΓöüΓöüΓöüΓöüΓöüΓöüΓöüΓöüΓöüΓöüΓöüΓöüΓöüΓöüΓöüΓöü 71.0/71.0 kB 9.5 MB/s eta 0:00:00
#8 29.98 Collecting cffi>=2.0.0
#8 30.03   Downloading cffi-2.0.0-cp310-cp310-manylinux2014_x86_64.manylinux_2_17_x86_64.whl (216 kB)
#8 30.05      ΓöüΓöüΓöüΓöüΓöüΓöüΓöüΓöüΓöüΓöüΓöüΓöüΓöüΓöüΓöüΓöüΓöüΓöüΓöüΓöüΓöüΓöüΓöüΓöüΓöüΓöüΓöüΓöüΓöüΓöüΓöüΓöüΓöüΓöüΓöüΓöüΓöüΓöü 216.5/216.5 kB 16.1 MB/s eta 0:00:00
#8 30.17 Collecting certifi>=2017.4.17
#8 30.22   Downloading certifi-2026.1.4-py3-none-any.whl (152 kB)
#8 30.23      ΓöüΓöüΓöüΓöüΓöüΓöüΓöüΓöüΓöüΓöüΓöüΓöüΓöüΓöüΓöüΓöüΓöüΓöüΓöüΓöüΓöüΓöüΓöüΓöüΓöüΓöüΓöüΓöüΓöüΓöüΓöüΓöüΓöüΓöüΓöüΓöüΓöüΓöü 152.9/152.9 kB 19.4 MB/s eta 0:00:00
#8 30.35 Collecting urllib3<3,>=1.21.1
#8 30.40   Downloading urllib3-2.6.3-py3-none-any.whl (131 kB)
#8 30.41      ΓöüΓöüΓöüΓöüΓöüΓöüΓöüΓöüΓöüΓöüΓöüΓöüΓöüΓöüΓöüΓöüΓöüΓöüΓöüΓöüΓöüΓöüΓöüΓöüΓöüΓöüΓöüΓöüΓöüΓöüΓöüΓöüΓöüΓöüΓöüΓöüΓöüΓöü 131.6/131.6 kB 49.9 MB/s eta 0:00:00
#8 30.49 Collecting freetype-py>=2.3
#8 30.55   Downloading freetype_py-2.5.1-py3-none-manylinux_2_5_x86_64.manylinux1_x86_64.manylinux_2_12_x86_64.manylinux2010_x86_64.whl (1.0 MB)
#8 30.59      ΓöüΓöüΓöüΓöüΓöüΓöüΓöüΓöüΓöüΓöüΓöüΓöüΓöüΓöüΓöüΓöüΓöüΓöüΓöüΓöüΓöüΓöüΓöüΓöüΓöüΓöüΓöüΓöüΓöüΓöüΓöüΓöüΓöüΓöüΓöüΓöüΓöüΓöüΓöüΓöü 1.0/1.0 MB 28.8 MB/s eta 0:00:00
#8 30.68 Collecting pycairo>=1.20.0
#8 30.73   Downloading pycairo-1.29.0.tar.gz (665 kB)
#8 30.76      ΓöüΓöüΓöüΓöüΓöüΓöüΓöüΓöüΓöüΓöüΓöüΓöüΓöüΓöüΓöüΓöüΓöüΓöüΓöüΓöüΓöüΓöüΓöüΓöüΓöüΓöüΓöüΓöüΓöüΓöüΓöüΓöüΓöüΓöüΓöüΓöüΓöüΓöü 665.9/665.9 kB 23.8 MB/s eta 0:00:00
#8 30.81   Installing build dependencies: started
#8 35.17   Installing build dependencies: finished with status 'done'
#8 35.17   Getting requirements to build wheel: started
#8 35.30   Getting requirements to build wheel: finished with status 'done'
#8 35.30   Installing backend dependencies: started
#8 36.46   Installing backend dependencies: finished with status 'done'
#8 36.46   Preparing metadata (pyproject.toml): started
#8 37.02   Preparing metadata (pyproject.toml): finished with status 'error'
#8 37.02   error: subprocess-exited-with-error
#8 37.02   
#8 37.02   ├ù Preparing metadata (pyproject.toml) did not run successfully.
#8 37.02   Γöé exit code: 1
#8 37.02   Γò░ΓöÇ> [20 lines of output]
#8 37.02       + meson setup /tmp/pip-install-8kwvpswv/pycairo_e48b773f9fbe4deebcd6cc26370f967b /tmp/pip-install-8kwvpswv/pycairo_e48b773f9fbe4deebcd6cc26370f967b/.mesonpy-kgi3ba8t -Dbuildtype=release -Db_ndebug=if-release -Db_vscrt=md -Dwheel=true -Dtests=false --native-file=/tmp/pip-install-8kwvpswv/pycairo_e48b773f9fbe4deebcd6cc26370f967b/.mesonpy-kgi3ba8t/meson-python-native-file.ini
#8 37.02       The Meson build system
#8 37.02       Version: 1.10.1
#8 37.02       Source dir: /tmp/pip-install-8kwvpswv/pycairo_e48b773f9fbe4deebcd6cc26370f967b
#8 37.02       Build dir: /tmp/pip-install-8kwvpswv/pycairo_e48b773f9fbe4deebcd6cc26370f967b/.mesonpy-kgi3ba8t
#8 37.02       Build type: native build
#8 37.02       Project name: pycairo
#8 37.02       Project version: 1.29.0
#8 37.02       
#8 37.02       ../meson.build:1:0: ERROR: Unknown compiler(s): [['cc'], ['gcc'], ['clang'], ['nvc'], ['pgcc'], ['icc'], ['icx']]
#8 37.02       The following exception(s) were encountered:
#8 37.02       Running `cc --version` gave "[Errno 2] No such file or directory: 'cc'"
#8 37.02       Running `gcc --version` gave "[Errno 2] No such file or directory: 'gcc'"
#8 37.02       Running `clang --version` gave "[Errno 2] No such file or directory: 'clang'"
#8 37.02       Running `nvc --version` gave "[Errno 2] No such file or directory: 'nvc'"
#8 37.02       Running `pgcc --version` gave "[Errno 2] No such file or directory: 'pgcc'"
#8 37.02       Running `icc --version` gave "[Errno 2] No such file or directory: 'icc'"
#8 37.02       Running `icx --version` gave "[Errno 2] No such file or directory: 'icx'"
#8 37.02       
#8 37.02       A full log can be found at /tmp/pip-install-8kwvpswv/pycairo_e48b773f9fbe4deebcd6cc26370f967b/.mesonpy-kgi3ba8t/meson-logs/meson-log.txt
#8 37.02       [end of output]
#8 37.02   
#8 37.02   note: This error originates from a subprocess, and is likely not a problem with pip.
#8 37.02 error: metadata-generation-failed
#8 37.02 
#8 37.02 ├ù Encountered error while generating package metadata.
#8 37.02 Γò░ΓöÇ> See above for output.
#8 37.02 
#8 37.02 note: This is an issue with the package mentioned above, not pip.
#8 37.02 hint: See above for details.
#8 37.24 
#8 37.24 [notice] A new release of pip is available: 23.0.1 -> 26.0.1
#8 37.24 [notice] To update, run: pip install --upgrade pip
#8 ERROR: process "/bin/sh -c pip install --no-cache-dir -r requirements.txt" did not complete successfully: exit code: 1
------
 > [4/5] RUN pip install --no-cache-dir -r requirements.txt:
37.02 error: metadata-generation-failed
37.02 
37.02 ├ù Encountered error while generating package metadata.
37.02 Γò░ΓöÇ> See above for output.
37.02 
37.02 note: This is an issue with the package mentioned above, not pip.
37.02 hint: See above for details.
37.24 
37.24 [notice] A new release of pip is available: 23.0.1 -> 26.0.1
37.24 [notice] To update, run: pip install --upgrade pip
------
Dockerfile:10
--------------------
   8 |     
   9 |     # Install dependencies
  10 | >>> RUN pip install --no-cache-dir -r requirements.txt
  11 |     
  12 |     # Copy the rest of the application code
--------------------
ERROR: failed to build: failed to solve: process "/bin/sh -c pip install --no-cache-dir -r requirements.txt" did not complete successfully: exit code: 1

View build details: docker-desktop://dashboard/build/desktop-linux/desktop-linux/3gebqzz1p2itwcsrr8eqxm2di
